Determining if files fcntl.h;inttypes.h;memory.h;signal.h;stdarg.h;stddef.h;stdint.h;stdlib.h;string.h;errno.h;unistd.h;time.h;sys/types.h;sys/stat.h;sys/time.h;sys/param.h;netdb.h;dlfcn.h;arpa/inet.h;poll.h;port.h exist failed with the following output:
Change Dir: /home/zhengzhiwei/db_impl_course/build/CMakeFiles/CMakeScratch/TryCompile-C7aLDP

Run Build Command(s):/usr/bin/gmake -f Makefile cmTC_0c926/fast && /usr/bin/gmake  -f CMakeFiles/cmTC_0c926.dir/build.make CMakeFiles/cmTC_0c926.dir/build
gmake[1]: Entering directory '/home/zhengzhiwei/db_impl_course/build/CMakeFiles/CMakeScratch/TryCompile-C7aLDP'
Building C object CMakeFiles/cmTC_0c926.dir/EVENT__HAVE_PORT_H.c.o
/usr/bin/cc -D_GNU_SOURCE  -Wall -DCMAKE_EXPORT_COMPILE_COMMANDS=1  -O2 -g  -Wall -Wextra -Wno-unused-parameter -Wstrict-aliasing -Wstrict-prototypes -fno-strict-aliasing -Wmissing-prototypes -Winit-self -Wmissing-field-initializers -Wdeclaration-after-statement -Waddress -Wnormalized=id -Woverride-init -Wlogical-op -Wwrite-strings  -o CMakeFiles/cmTC_0c926.dir/EVENT__HAVE_PORT_H.c.o -c /home/zhengzhiwei/db_impl_course/build/CMakeFiles/CMakeScratch/TryCompile-C7aLDP/EVENT__HAVE_PORT_H.c
/home/zhengzhiwei/db_impl_course/build/CMakeFiles/CMakeScratch/TryCompile-C7aLDP/EVENT__HAVE_PORT_H.c:22:10: fatal error: port.h: No such file or directory
   22 | #include <port.h>
      |          ^~~~~~~~
compilation terminated.
gmake[1]: *** [CMakeFiles/cmTC_0c926.dir/build.make:78: CMakeFiles/cmTC_0c926.dir/EVENT__HAVE_PORT_H.c.o] Error 1
gmake[1]: Leaving directory '/home/zhengzhiwei/db_impl_course/build/CMakeFiles/CMakeScratch/TryCompile-C7aLDP'
gmake: *** [Makefile:127: cmTC_0c926/fast] Error 2


Source:
/* */
#include <fcntl.h>
#include <inttypes.h>
#include <memory.h>
#include <signal.h>
#include <stdarg.h>
#include <stddef.h>
#include <stdint.h>
#include <stdlib.h>
#include <string.h>
#include <errno.h>
#include <unistd.h>
#include <time.h>
#include <sys/types.h>
#include <sys/stat.h>
#include <sys/time.h>
#include <sys/param.h>
#include <netdb.h>
#include <dlfcn.h>
#include <arpa/inet.h>
#include <poll.h>
#include <port.h>


int main(void){return 0;}

Determining if files fcntl.h;inttypes.h;memory.h;signal.h;stdarg.h;stddef.h;stdint.h;stdlib.h;string.h;errno.h;unistd.h;time.h;sys/types.h;sys/stat.h;sys/time.h;sys/param.h;netdb.h;dlfcn.h;arpa/inet.h;poll.h;sys/socket.h;sys/random.h;sys/un.h;sys/devpoll.h exist failed with the following output:
Change Dir: /home/zhengzhiwei/db_impl_course/build/CMakeFiles/CMakeScratch/TryCompile-2Gjg9T

Run Build Command(s):/usr/bin/gmake -f Makefile cmTC_f8955/fast && /usr/bin/gmake  -f CMakeFiles/cmTC_f8955.dir/build.make CMakeFiles/cmTC_f8955.dir/build
gmake[1]: Entering directory '/home/zhengzhiwei/db_impl_course/build/CMakeFiles/CMakeScratch/TryCompile-2Gjg9T'
Building C object CMakeFiles/cmTC_f8955.dir/EVENT__HAVE_SYS_DEVPOLL_H.c.o
/usr/bin/cc -D_GNU_SOURCE  -Wall -DCMAKE_EXPORT_COMPILE_COMMANDS=1  -O2 -g  -Wall -Wextra -Wno-unused-parameter -Wstrict-aliasing -Wstrict-prototypes -fno-strict-aliasing -Wmissing-prototypes -Winit-self -Wmissing-field-initializers -Wdeclaration-after-statement -Waddress -Wnormalized=id -Woverride-init -Wlogical-op -Wwrite-strings  -o CMakeFiles/cmTC_f8955.dir/EVENT__HAVE_SYS_DEVPOLL_H.c.o -c /home/zhengzhiwei/db_impl_course/build/CMakeFiles/CMakeScratch/TryCompile-2Gjg9T/EVENT__HAVE_SYS_DEVPOLL_H.c
/home/zhengzhiwei/db_impl_course/build/CMakeFiles/CMakeScratch/TryCompile-2Gjg9T/EVENT__HAVE_SYS_DEVPOLL_H.c:25:10: fatal error: sys/devpoll.h: No such file or directory
   25 | #include <sys/devpoll.h>
      |          ^~~~~~~~~~~~~~~
compilation terminated.
gmake[1]: *** [CMakeFiles/cmTC_f8955.dir/build.make:78: CMakeFiles/cmTC_f8955.dir/EVENT__HAVE_SYS_DEVPOLL_H.c.o] Error 1
gmake[1]: Leaving directory '/home/zhengzhiwei/db_impl_course/build/CMakeFiles/CMakeScratch/TryCompile-2Gjg9T'
gmake: *** [Makefile:127: cmTC_f8955/fast] Error 2


Source:
/* */
#include <fcntl.h>
#include <inttypes.h>
#include <memory.h>
#include <signal.h>
#include <stdarg.h>
#include <stddef.h>
#include <stdint.h>
#include <stdlib.h>
#include <string.h>
#include <errno.h>
#include <unistd.h>
#include <time.h>
#include <sys/types.h>
#include <sys/stat.h>
#include <sys/time.h>
#include <sys/param.h>
#include <netdb.h>
#include <dlfcn.h>
#include <arpa/inet.h>
#include <poll.h>
#include <sys/socket.h>
#include <sys/random.h>
#include <sys/un.h>
#include <sys/devpoll.h>


int main(void){return 0;}

Determining if files fcntl.h;inttypes.h;memory.h;signal.h;stdarg.h;stddef.h;stdint.h;stdlib.h;string.h;errno.h;unistd.h;time.h;sys/types.h;sys/stat.h;sys/time.h;sys/param.h;netdb.h;dlfcn.h;arpa/inet.h;poll.h;sys/socket.h;sys/random.h;sys/un.h;sys/epoll.h;sys/eventfd.h;sys/event.h exist failed with the following output:
Change Dir: /home/zhengzhiwei/db_impl_course/build/CMakeFiles/CMakeScratch/TryCompile-aIRcw0

Run Build Command(s):/usr/bin/gmake -f Makefile cmTC_08a15/fast && /usr/bin/gmake  -f CMakeFiles/cmTC_08a15.dir/build.make CMakeFiles/cmTC_08a15.dir/build
gmake[1]: Entering directory '/home/zhengzhiwei/db_impl_course/build/CMakeFiles/CMakeScratch/TryCompile-aIRcw0'
Building C object CMakeFiles/cmTC_08a15.dir/EVENT__HAVE_SYS_EVENT_H.c.o
/usr/bin/cc -D_GNU_SOURCE  -Wall -DCMAKE_EXPORT_COMPILE_COMMANDS=1  -O2 -g  -Wall -Wextra -Wno-unused-parameter -Wstrict-aliasing -Wstrict-prototypes -fno-strict-aliasing -Wmissing-prototypes -Winit-self -Wmissing-field-initializers -Wdeclaration-after-statement -Waddress -Wnormalized=id -Woverride-init -Wlogical-op -Wwrite-strings  -o CMakeFiles/cmTC_08a15.dir/EVENT__HAVE_SYS_EVENT_H.c.o -c /home/zhengzhiwei/db_impl_course/build/CMakeFiles/CMakeScratch/TryCompile-aIRcw0/EVENT__HAVE_SYS_EVENT_H.c
/home/zhengzhiwei/db_impl_course/build/CMakeFiles/CMakeScratch/TryCompile-aIRcw0/EVENT__HAVE_SYS_EVENT_H.c:27:10: fatal error: sys/event.h: No such file or directory
   27 | #include <sys/event.h>
      |          ^~~~~~~~~~~~~
compilation terminated.
gmake[1]: *** [CMakeFiles/cmTC_08a15.dir/build.make:78: CMakeFiles/cmTC_08a15.dir/EVENT__HAVE_SYS_EVENT_H.c.o] Error 1
gmake[1]: Leaving directory '/home/zhengzhiwei/db_impl_course/build/CMakeFiles/CMakeScratch/TryCompile-aIRcw0'
gmake: *** [Makefile:127: cmTC_08a15/fast] Error 2


Source:
/* */
#include <fcntl.h>
#include <inttypes.h>
#include <memory.h>
#include <signal.h>
#include <stdarg.h>
#include <stddef.h>
#include <stdint.h>
#include <stdlib.h>
#include <string.h>
#include <errno.h>
#include <unistd.h>
#include <time.h>
#include <sys/types.h>
#include <sys/stat.h>
#include <sys/time.h>
#include <sys/param.h>
#include <netdb.h>
#include <dlfcn.h>
#include <arpa/inet.h>
#include <poll.h>
#include <sys/socket.h>
#include <sys/random.h>
#include <sys/un.h>
#include <sys/epoll.h>
#include <sys/eventfd.h>
#include <sys/event.h>


int main(void){return 0;}

Determining if files fcntl.h;inttypes.h;memory.h;signal.h;stdarg.h;stddef.h;stdint.h;stdlib.h;string.h;errno.h;unistd.h;time.h;sys/types.h;sys/stat.h;sys/time.h;sys/param.h;netdb.h;dlfcn.h;arpa/inet.h;poll.h;sys/socket.h;sys/random.h;sys/un.h;sys/epoll.h;sys/eventfd.h;sys/ioctl.h;sys/mman.h;sys/queue.h;sys/select.h;sys/sendfile.h;sys/uio.h;sys/wait.h;sys/resource.h;sys/timerfd.h;netinet/in.h;netinet/in6.h exist failed with the following output:
Change Dir: /home/zhengzhiwei/db_impl_course/build/CMakeFiles/CMakeScratch/TryCompile-PKfTZK

Run Build Command(s):/usr/bin/gmake -f Makefile cmTC_d6802/fast && /usr/bin/gmake  -f CMakeFiles/cmTC_d6802.dir/build.make CMakeFiles/cmTC_d6802.dir/build
gmake[1]: Entering directory '/home/zhengzhiwei/db_impl_course/build/CMakeFiles/CMakeScratch/TryCompile-PKfTZK'
Building C object CMakeFiles/cmTC_d6802.dir/EVENT__HAVE_NETINET_IN6_H.c.o
/usr/bin/cc -D_GNU_SOURCE  -Wall -DCMAKE_EXPORT_COMPILE_COMMANDS=1  -O2 -g  -Wall -Wextra -Wno-unused-parameter -Wstrict-aliasing -Wstrict-prototypes -fno-strict-aliasing -Wmissing-prototypes -Winit-self -Wmissing-field-initializers -Wdeclaration-after-statement -Waddress -Wnormalized=id -Woverride-init -Wlogical-op -Wwrite-strings  -o CMakeFiles/cmTC_d6802.dir/EVENT__HAVE_NETINET_IN6_H.c.o -c /home/zhengzhiwei/db_impl_course/build/CMakeFiles/CMakeScratch/TryCompile-PKfTZK/EVENT__HAVE_NETINET_IN6_H.c
/home/zhengzhiwei/db_impl_course/build/CMakeFiles/CMakeScratch/TryCompile-PKfTZK/EVENT__HAVE_NETINET_IN6_H.c:37:10: fatal error: netinet/in6.h: No such file or directory
   37 | #include <netinet/in6.h>
      |          ^~~~~~~~~~~~~~~
compilation terminated.
gmake[1]: *** [CMakeFiles/cmTC_d6802.dir/build.make:78: CMakeFiles/cmTC_d6802.dir/EVENT__HAVE_NETINET_IN6_H.c.o] Error 1
gmake[1]: Leaving directory '/home/zhengzhiwei/db_impl_course/build/CMakeFiles/CMakeScratch/TryCompile-PKfTZK'
gmake: *** [Makefile:127: cmTC_d6802/fast] Error 2


Source:
/* */
#include <fcntl.h>
#include <inttypes.h>
#include <memory.h>
#include <signal.h>
#include <stdarg.h>
#include <stddef.h>
#include <stdint.h>
#include <stdlib.h>
#include <string.h>
#include <errno.h>
#include <unistd.h>
#include <time.h>
#include <sys/types.h>
#include <sys/stat.h>
#include <sys/time.h>
#include <sys/param.h>
#include <netdb.h>
#include <dlfcn.h>
#include <arpa/inet.h>
#include <poll.h>
#include <sys/socket.h>
#include <sys/random.h>
#include <sys/un.h>
#include <sys/epoll.h>
#include <sys/eventfd.h>
#include <sys/ioctl.h>
#include <sys/mman.h>
#include <sys/queue.h>
#include <sys/select.h>
#include <sys/sendfile.h>
#include <sys/uio.h>
#include <sys/wait.h>
#include <sys/resource.h>
#include <sys/timerfd.h>
#include <netinet/in.h>
#include <netinet/in6.h>


int main(void){return 0;}

Determining if the strlcpy exist failed with the following output:
Change Dir: /home/zhengzhiwei/db_impl_course/build/CMakeFiles/CMakeScratch/TryCompile-4okL1G

Run Build Command(s):/usr/bin/gmake -f Makefile cmTC_f081b/fast && /usr/bin/gmake  -f CMakeFiles/cmTC_f081b.dir/build.make CMakeFiles/cmTC_f081b.dir/build
gmake[1]: Entering directory '/home/zhengzhiwei/db_impl_course/build/CMakeFiles/CMakeScratch/TryCompile-4okL1G'
Building C object CMakeFiles/cmTC_f081b.dir/CheckSymbolExists.c.o
/usr/bin/cc -D_GNU_SOURCE  -Wall -DCMAKE_EXPORT_COMPILE_COMMANDS=1  -O2 -g  -Wall -Wextra -Wno-unused-parameter -Wstrict-aliasing -Wstrict-prototypes -fno-strict-aliasing -Wmissing-prototypes -Winit-self -Wmissing-field-initializers -Wdeclaration-after-statement -Waddress -Wnormalized=id -Woverride-init -Wlogical-op -Wwrite-strings  -o CMakeFiles/cmTC_f081b.dir/CheckSymbolExists.c.o -c /home/zhengzhiwei/db_impl_course/build/CMakeFiles/CMakeScratch/TryCompile-4okL1G/CheckSymbolExists.c
/home/zhengzhiwei/db_impl_course/build/CMakeFiles/CMakeScratch/TryCompile-4okL1G/CheckSymbolExists.c: In function ‘main’:
/home/zhengzhiwei/db_impl_course/build/CMakeFiles/CMakeScratch/TryCompile-4okL1G/CheckSymbolExists.c:45:19: error: ‘strlcpy’ undeclared (first use in this function); did you mean ‘strncpy’?
   45 |   return ((int*)(&strlcpy))[argc];
      |                   ^~~~~~~
      |                   strncpy
/home/zhengzhiwei/db_impl_course/build/CMakeFiles/CMakeScratch/TryCompile-4okL1G/CheckSymbolExists.c:45:19: note: each undeclared identifier is reported only once for each function it appears in
/home/zhengzhiwei/db_impl_course/build/CMakeFiles/CMakeScratch/TryCompile-4okL1G/CheckSymbolExists.c:41:14: warning: parameter ‘argc’ set but not used [-Wunused-but-set-parameter]
   41 | int main(int argc, char** argv)
      |          ~~~~^~~~
gmake[1]: *** [CMakeFiles/cmTC_f081b.dir/build.make:78: CMakeFiles/cmTC_f081b.dir/CheckSymbolExists.c.o] Error 1
gmake[1]: Leaving directory '/home/zhengzhiwei/db_impl_course/build/CMakeFiles/CMakeScratch/TryCompile-4okL1G'
gmake: *** [Makefile:127: cmTC_f081b/fast] Error 2


File CheckSymbolExists.c:
/* */
#include <fcntl.h>
#include <inttypes.h>
#include <memory.h>
#include <signal.h>
#include <stdarg.h>
#include <stddef.h>
#include <stdint.h>
#include <stdlib.h>
#include <string.h>
#include <errno.h>
#include <unistd.h>
#include <time.h>
#include <sys/types.h>
#include <sys/stat.h>
#include <sys/time.h>
#include <sys/param.h>
#include <netdb.h>
#include <dlfcn.h>
#include <arpa/inet.h>
#include <poll.h>
#include <sys/socket.h>
#include <sys/random.h>
#include <sys/un.h>
#include <sys/epoll.h>
#include <sys/eventfd.h>
#include <sys/ioctl.h>
#include <sys/mman.h>
#include <sys/queue.h>
#include <sys/select.h>
#include <sys/sendfile.h>
#include <sys/uio.h>
#include <sys/wait.h>
#include <sys/resource.h>
#include <sys/timerfd.h>
#include <netinet/in.h>
#include <netinet/tcp.h>
#include <ifaddrs.h>
#include <stdio.h>

int main(int argc, char** argv)
{
  (void)argv;
#ifndef strlcpy
  return ((int*)(&strlcpy))[argc];
#else
  (void)argc;
  return 0;
#endif
}

Determining if the port_create exist failed with the following output:
Change Dir: /home/zhengzhiwei/db_impl_course/build/CMakeFiles/CMakeScratch/TryCompile-davUrL

Run Build Command(s):/usr/bin/gmake -f Makefile cmTC_3e378/fast && /usr/bin/gmake  -f CMakeFiles/cmTC_3e378.dir/build.make CMakeFiles/cmTC_3e378.dir/build
gmake[1]: Entering directory '/home/zhengzhiwei/db_impl_course/build/CMakeFiles/CMakeScratch/TryCompile-davUrL'
Building C object CMakeFiles/cmTC_3e378.dir/CheckSymbolExists.c.o
/usr/bin/cc -D_GNU_SOURCE  -Wall -DCMAKE_EXPORT_COMPILE_COMMANDS=1  -O2 -g  -Wall -Wextra -Wno-unused-parameter -Wstrict-aliasing -Wstrict-prototypes -fno-strict-aliasing -Wmissing-prototypes -Winit-self -Wmissing-field-initializers -Wdeclaration-after-statement -Waddress -Wnormalized=id -Woverride-init -Wlogical-op -Wwrite-strings  -o CMakeFiles/cmTC_3e378.dir/CheckSymbolExists.c.o -c /home/zhengzhiwei/db_impl_course/build/CMakeFiles/CMakeScratch/TryCompile-davUrL/CheckSymbolExists.c
/home/zhengzhiwei/db_impl_course/build/CMakeFiles/CMakeScratch/TryCompile-davUrL/CheckSymbolExists.c: In function ‘main’:
/home/zhengzhiwei/db_impl_course/build/CMakeFiles/CMakeScratch/TryCompile-davUrL/CheckSymbolExists.c:45:19: error: ‘port_create’ undeclared (first use in this function); did you mean ‘epoll_create’?
   45 |   return ((int*)(&port_create))[argc];
      |                   ^~~~~~~~~~~
      |                   epoll_create
/home/zhengzhiwei/db_impl_course/build/CMakeFiles/CMakeScratch/TryCompile-davUrL/CheckSymbolExists.c:45:19: note: each undeclared identifier is reported only once for each function it appears in
/home/zhengzhiwei/db_impl_course/build/CMakeFiles/CMakeScratch/TryCompile-davUrL/CheckSymbolExists.c:41:14: warning: parameter ‘argc’ set but not used [-Wunused-but-set-parameter]
   41 | int main(int argc, char** argv)
      |          ~~~~^~~~
gmake[1]: *** [CMakeFiles/cmTC_3e378.dir/build.make:78: CMakeFiles/cmTC_3e378.dir/CheckSymbolExists.c.o] Error 1
gmake[1]: Leaving directory '/home/zhengzhiwei/db_impl_course/build/CMakeFiles/CMakeScratch/TryCompile-davUrL'
gmake: *** [Makefile:127: cmTC_3e378/fast] Error 2


File CheckSymbolExists.c:
/* */
#include <fcntl.h>
#include <inttypes.h>
#include <memory.h>
#include <signal.h>
#include <stdarg.h>
#include <stddef.h>
#include <stdint.h>
#include <stdlib.h>
#include <string.h>
#include <errno.h>
#include <unistd.h>
#include <time.h>
#include <sys/types.h>
#include <sys/stat.h>
#include <sys/time.h>
#include <sys/param.h>
#include <netdb.h>
#include <dlfcn.h>
#include <arpa/inet.h>
#include <poll.h>
#include <sys/socket.h>
#include <sys/random.h>
#include <sys/un.h>
#include <sys/epoll.h>
#include <sys/eventfd.h>
#include <sys/ioctl.h>
#include <sys/mman.h>
#include <sys/queue.h>
#include <sys/select.h>
#include <sys/sendfile.h>
#include <sys/uio.h>
#include <sys/wait.h>
#include <sys/resource.h>
#include <sys/timerfd.h>
#include <netinet/in.h>
#include <netinet/tcp.h>
#include <ifaddrs.h>
#include <stdio.h>

int main(int argc, char** argv)
{
  (void)argv;
#ifndef port_create
  return ((int*)(&port_create))[argc];
#else
  (void)argc;
  return 0;
#endif
}

Determining if the kqueue exist failed with the following output:
Change Dir: /home/zhengzhiwei/db_impl_course/build/CMakeFiles/CMakeScratch/TryCompile-ykC2Ra

Run Build Command(s):/usr/bin/gmake -f Makefile cmTC_cac72/fast && /usr/bin/gmake  -f CMakeFiles/cmTC_cac72.dir/build.make CMakeFiles/cmTC_cac72.dir/build
gmake[1]: Entering directory '/home/zhengzhiwei/db_impl_course/build/CMakeFiles/CMakeScratch/TryCompile-ykC2Ra'
Building C object CMakeFiles/cmTC_cac72.dir/CheckSymbolExists.c.o
/usr/bin/cc -D_GNU_SOURCE  -Wall -DCMAKE_EXPORT_COMPILE_COMMANDS=1  -O2 -g  -Wall -Wextra -Wno-unused-parameter -Wstrict-aliasing -Wstrict-prototypes -fno-strict-aliasing -Wmissing-prototypes -Winit-self -Wmissing-field-initializers -Wdeclaration-after-statement -Waddress -Wnormalized=id -Woverride-init -Wlogical-op -Wwrite-strings  -o CMakeFiles/cmTC_cac72.dir/CheckSymbolExists.c.o -c /home/zhengzhiwei/db_impl_course/build/CMakeFiles/CMakeScratch/TryCompile-ykC2Ra/CheckSymbolExists.c
/home/zhengzhiwei/db_impl_course/build/CMakeFiles/CMakeScratch/TryCompile-ykC2Ra/CheckSymbolExists.c: In function ‘main’:
/home/zhengzhiwei/db_impl_course/build/CMakeFiles/CMakeScratch/TryCompile-ykC2Ra/CheckSymbolExists.c:45:19: error: ‘kqueue’ undeclared (first use in this function); did you mean ‘sigqueue’?
   45 |   return ((int*)(&kqueue))[argc];
      |                   ^~~~~~
      |                   sigqueue
/home/zhengzhiwei/db_impl_course/build/CMakeFiles/CMakeScratch/TryCompile-ykC2Ra/CheckSymbolExists.c:45:19: note: each undeclared identifier is reported only once for each function it appears in
/home/zhengzhiwei/db_impl_course/build/CMakeFiles/CMakeScratch/TryCompile-ykC2Ra/CheckSymbolExists.c:41:14: warning: parameter ‘argc’ set but not used [-Wunused-but-set-parameter]
   41 | int main(int argc, char** argv)
      |          ~~~~^~~~
gmake[1]: *** [CMakeFiles/cmTC_cac72.dir/build.make:78: CMakeFiles/cmTC_cac72.dir/CheckSymbolExists.c.o] Error 1
gmake[1]: Leaving directory '/home/zhengzhiwei/db_impl_course/build/CMakeFiles/CMakeScratch/TryCompile-ykC2Ra'
gmake: *** [Makefile:127: cmTC_cac72/fast] Error 2


File CheckSymbolExists.c:
/* */
#include <fcntl.h>
#include <inttypes.h>
#include <memory.h>
#include <signal.h>
#include <stdarg.h>
#include <stddef.h>
#include <stdint.h>
#include <stdlib.h>
#include <string.h>
#include <errno.h>
#include <unistd.h>
#include <time.h>
#include <sys/types.h>
#include <sys/stat.h>
#include <sys/time.h>
#include <sys/param.h>
#include <netdb.h>
#include <dlfcn.h>
#include <arpa/inet.h>
#include <poll.h>
#include <sys/socket.h>
#include <sys/random.h>
#include <sys/un.h>
#include <sys/epoll.h>
#include <sys/eventfd.h>
#include <sys/ioctl.h>
#include <sys/mman.h>
#include <sys/queue.h>
#include <sys/select.h>
#include <sys/sendfile.h>
#include <sys/uio.h>
#include <sys/wait.h>
#include <sys/resource.h>
#include <sys/timerfd.h>
#include <netinet/in.h>
#include <netinet/tcp.h>
#include <ifaddrs.h>
#include <stdio.h>

int main(int argc, char** argv)
{
  (void)argv;
#ifndef kqueue
  return ((int*)(&kqueue))[argc];
#else
  (void)argc;
  return 0;
#endif
}

Determining if the sysctl exist failed with the following output:
Change Dir: /home/zhengzhiwei/db_impl_course/build/CMakeFiles/CMakeScratch/TryCompile-NwvwVm

Run Build Command(s):/usr/bin/gmake -f Makefile cmTC_27182/fast && /usr/bin/gmake  -f CMakeFiles/cmTC_27182.dir/build.make CMakeFiles/cmTC_27182.dir/build
gmake[1]: Entering directory '/home/zhengzhiwei/db_impl_course/build/CMakeFiles/CMakeScratch/TryCompile-NwvwVm'
Building C object CMakeFiles/cmTC_27182.dir/CheckSymbolExists.c.o
/usr/bin/cc -D_GNU_SOURCE  -Wall -DCMAKE_EXPORT_COMPILE_COMMANDS=1  -O2 -g  -Wall -Wextra -Wno-unused-parameter -Wstrict-aliasing -Wstrict-prototypes -fno-strict-aliasing -Wmissing-prototypes -Winit-self -Wmissing-field-initializers -Wdeclaration-after-statement -Waddress -Wnormalized=id -Woverride-init -Wlogical-op -Wwrite-strings  -o CMakeFiles/cmTC_27182.dir/CheckSymbolExists.c.o -c /home/zhengzhiwei/db_impl_course/build/CMakeFiles/CMakeScratch/TryCompile-NwvwVm/CheckSymbolExists.c
/home/zhengzhiwei/db_impl_course/build/CMakeFiles/CMakeScratch/TryCompile-NwvwVm/CheckSymbolExists.c: In function ‘main’:
/home/zhengzhiwei/db_impl_course/build/CMakeFiles/CMakeScratch/TryCompile-NwvwVm/CheckSymbolExists.c:45:19: error: ‘sysctl’ undeclared (first use in this function); did you mean ‘syscall’?
   45 |   return ((int*)(&sysctl))[argc];
      |                   ^~~~~~
      |                   syscall
/home/zhengzhiwei/db_impl_course/build/CMakeFiles/CMakeScratch/TryCompile-NwvwVm/CheckSymbolExists.c:45:19: note: each undeclared identifier is reported only once for each function it appears in
/home/zhengzhiwei/db_impl_course/build/CMakeFiles/CMakeScratch/TryCompile-NwvwVm/CheckSymbolExists.c:41:14: warning: parameter ‘argc’ set but not used [-Wunused-but-set-parameter]
   41 | int main(int argc, char** argv)
      |          ~~~~^~~~
gmake[1]: *** [CMakeFiles/cmTC_27182.dir/build.make:78: CMakeFiles/cmTC_27182.dir/CheckSymbolExists.c.o] Error 1
gmake[1]: Leaving directory '/home/zhengzhiwei/db_impl_course/build/CMakeFiles/CMakeScratch/TryCompile-NwvwVm'
gmake: *** [Makefile:127: cmTC_27182/fast] Error 2


File CheckSymbolExists.c:
/* */
#include <fcntl.h>
#include <inttypes.h>
#include <memory.h>
#include <signal.h>
#include <stdarg.h>
#include <stddef.h>
#include <stdint.h>
#include <stdlib.h>
#include <string.h>
#include <errno.h>
#include <unistd.h>
#include <time.h>
#include <sys/types.h>
#include <sys/stat.h>
#include <sys/time.h>
#include <sys/param.h>
#include <netdb.h>
#include <dlfcn.h>
#include <arpa/inet.h>
#include <poll.h>
#include <sys/socket.h>
#include <sys/random.h>
#include <sys/un.h>
#include <sys/epoll.h>
#include <sys/eventfd.h>
#include <sys/ioctl.h>
#include <sys/mman.h>
#include <sys/queue.h>
#include <sys/select.h>
#include <sys/sendfile.h>
#include <sys/uio.h>
#include <sys/wait.h>
#include <sys/resource.h>
#include <sys/timerfd.h>
#include <netinet/in.h>
#include <netinet/tcp.h>
#include <ifaddrs.h>
#include <stdio.h>

int main(int argc, char** argv)
{
  (void)argv;
#ifndef sysctl
  return ((int*)(&sysctl))[argc];
#else
  (void)argc;
  return 0;
#endif
}

Determining if the arc4random exist failed with the following output:
Change Dir: /home/zhengzhiwei/db_impl_course/build/CMakeFiles/CMakeScratch/TryCompile-m7BBbd

Run Build Command(s):/usr/bin/gmake -f Makefile cmTC_6a6ac/fast && /usr/bin/gmake  -f CMakeFiles/cmTC_6a6ac.dir/build.make CMakeFiles/cmTC_6a6ac.dir/build
gmake[1]: Entering directory '/home/zhengzhiwei/db_impl_course/build/CMakeFiles/CMakeScratch/TryCompile-m7BBbd'
Building C object CMakeFiles/cmTC_6a6ac.dir/CheckSymbolExists.c.o
/usr/bin/cc -D_GNU_SOURCE  -Wall -DCMAKE_EXPORT_COMPILE_COMMANDS=1  -O2 -g  -Wall -Wextra -Wno-unused-parameter -Wstrict-aliasing -Wstrict-prototypes -fno-strict-aliasing -Wmissing-prototypes -Winit-self -Wmissing-field-initializers -Wdeclaration-after-statement -Waddress -Wnormalized=id -Woverride-init -Wlogical-op -Wwrite-strings  -o CMakeFiles/cmTC_6a6ac.dir/CheckSymbolExists.c.o -c /home/zhengzhiwei/db_impl_course/build/CMakeFiles/CMakeScratch/TryCompile-m7BBbd/CheckSymbolExists.c
/home/zhengzhiwei/db_impl_course/build/CMakeFiles/CMakeScratch/TryCompile-m7BBbd/CheckSymbolExists.c: In function ‘main’:
/home/zhengzhiwei/db_impl_course/build/CMakeFiles/CMakeScratch/TryCompile-m7BBbd/CheckSymbolExists.c:45:19: error: ‘arc4random’ undeclared (first use in this function)
   45 |   return ((int*)(&arc4random))[argc];
      |                   ^~~~~~~~~~
/home/zhengzhiwei/db_impl_course/build/CMakeFiles/CMakeScratch/TryCompile-m7BBbd/CheckSymbolExists.c:45:19: note: each undeclared identifier is reported only once for each function it appears in
/home/zhengzhiwei/db_impl_course/build/CMakeFiles/CMakeScratch/TryCompile-m7BBbd/CheckSymbolExists.c:41:14: warning: parameter ‘argc’ set but not used [-Wunused-but-set-parameter]
   41 | int main(int argc, char** argv)
      |          ~~~~^~~~
gmake[1]: *** [CMakeFiles/cmTC_6a6ac.dir/build.make:78: CMakeFiles/cmTC_6a6ac.dir/CheckSymbolExists.c.o] Error 1
gmake[1]: Leaving directory '/home/zhengzhiwei/db_impl_course/build/CMakeFiles/CMakeScratch/TryCompile-m7BBbd'
gmake: *** [Makefile:127: cmTC_6a6ac/fast] Error 2


File CheckSymbolExists.c:
/* */
#include <fcntl.h>
#include <inttypes.h>
#include <memory.h>
#include <signal.h>
#include <stdarg.h>
#include <stddef.h>
#include <stdint.h>
#include <stdlib.h>
#include <string.h>
#include <errno.h>
#include <unistd.h>
#include <time.h>
#include <sys/types.h>
#include <sys/stat.h>
#include <sys/time.h>
#include <sys/param.h>
#include <netdb.h>
#include <dlfcn.h>
#include <arpa/inet.h>
#include <poll.h>
#include <sys/socket.h>
#include <sys/random.h>
#include <sys/un.h>
#include <sys/epoll.h>
#include <sys/eventfd.h>
#include <sys/ioctl.h>
#include <sys/mman.h>
#include <sys/queue.h>
#include <sys/select.h>
#include <sys/sendfile.h>
#include <sys/uio.h>
#include <sys/wait.h>
#include <sys/resource.h>
#include <sys/timerfd.h>
#include <netinet/in.h>
#include <netinet/tcp.h>
#include <ifaddrs.h>
#include <stdio.h>

int main(int argc, char** argv)
{
  (void)argv;
#ifndef arc4random
  return ((int*)(&arc4random))[argc];
#else
  (void)argc;
  return 0;
#endif
}

Determining if the arc4random_buf exist failed with the following output:
Change Dir: /home/zhengzhiwei/db_impl_course/build/CMakeFiles/CMakeScratch/TryCompile-AMNeHo

Run Build Command(s):/usr/bin/gmake -f Makefile cmTC_68443/fast && /usr/bin/gmake  -f CMakeFiles/cmTC_68443.dir/build.make CMakeFiles/cmTC_68443.dir/build
gmake[1]: Entering directory '/home/zhengzhiwei/db_impl_course/build/CMakeFiles/CMakeScratch/TryCompile-AMNeHo'
Building C object CMakeFiles/cmTC_68443.dir/CheckSymbolExists.c.o
/usr/bin/cc -D_GNU_SOURCE  -Wall -DCMAKE_EXPORT_COMPILE_COMMANDS=1  -O2 -g  -Wall -Wextra -Wno-unused-parameter -Wstrict-aliasing -Wstrict-prototypes -fno-strict-aliasing -Wmissing-prototypes -Winit-self -Wmissing-field-initializers -Wdeclaration-after-statement -Waddress -Wnormalized=id -Woverride-init -Wlogical-op -Wwrite-strings  -o CMakeFiles/cmTC_68443.dir/CheckSymbolExists.c.o -c /home/zhengzhiwei/db_impl_course/build/CMakeFiles/CMakeScratch/TryCompile-AMNeHo/CheckSymbolExists.c
/home/zhengzhiwei/db_impl_course/build/CMakeFiles/CMakeScratch/TryCompile-AMNeHo/CheckSymbolExists.c: In function ‘main’:
/home/zhengzhiwei/db_impl_course/build/CMakeFiles/CMakeScratch/TryCompile-AMNeHo/CheckSymbolExists.c:45:19: error: ‘arc4random_buf’ undeclared (first use in this function)
   45 |   return ((int*)(&arc4random_buf))[argc];
      |                   ^~~~~~~~~~~~~~
/home/zhengzhiwei/db_impl_course/build/CMakeFiles/CMakeScratch/TryCompile-AMNeHo/CheckSymbolExists.c:45:19: note: each undeclared identifier is reported only once for each function it appears in
/home/zhengzhiwei/db_impl_course/build/CMakeFiles/CMakeScratch/TryCompile-AMNeHo/CheckSymbolExists.c:41:14: warning: parameter ‘argc’ set but not used [-Wunused-but-set-parameter]
   41 | int main(int argc, char** argv)
      |          ~~~~^~~~
gmake[1]: *** [CMakeFiles/cmTC_68443.dir/build.make:78: CMakeFiles/cmTC_68443.dir/CheckSymbolExists.c.o] Error 1
gmake[1]: Leaving directory '/home/zhengzhiwei/db_impl_course/build/CMakeFiles/CMakeScratch/TryCompile-AMNeHo'
gmake: *** [Makefile:127: cmTC_68443/fast] Error 2


File CheckSymbolExists.c:
/* */
#include <fcntl.h>
#include <inttypes.h>
#include <memory.h>
#include <signal.h>
#include <stdarg.h>
#include <stddef.h>
#include <stdint.h>
#include <stdlib.h>
#include <string.h>
#include <errno.h>
#include <unistd.h>
#include <time.h>
#include <sys/types.h>
#include <sys/stat.h>
#include <sys/time.h>
#include <sys/param.h>
#include <netdb.h>
#include <dlfcn.h>
#include <arpa/inet.h>
#include <poll.h>
#include <sys/socket.h>
#include <sys/random.h>
#include <sys/un.h>
#include <sys/epoll.h>
#include <sys/eventfd.h>
#include <sys/ioctl.h>
#include <sys/mman.h>
#include <sys/queue.h>
#include <sys/select.h>
#include <sys/sendfile.h>
#include <sys/uio.h>
#include <sys/wait.h>
#include <sys/resource.h>
#include <sys/timerfd.h>
#include <netinet/in.h>
#include <netinet/tcp.h>
#include <ifaddrs.h>
#include <stdio.h>

int main(int argc, char** argv)
{
  (void)argv;
#ifndef arc4random_buf
  return ((int*)(&arc4random_buf))[argc];
#else
  (void)argc;
  return 0;
#endif
}

Determining if the arc4random_addrandom exist failed with the following output:
Change Dir: /home/zhengzhiwei/db_impl_course/build/CMakeFiles/CMakeScratch/TryCompile-oeAb4A

Run Build Command(s):/usr/bin/gmake -f Makefile cmTC_b8eed/fast && /usr/bin/gmake  -f CMakeFiles/cmTC_b8eed.dir/build.make CMakeFiles/cmTC_b8eed.dir/build
gmake[1]: Entering directory '/home/zhengzhiwei/db_impl_course/build/CMakeFiles/CMakeScratch/TryCompile-oeAb4A'
Building C object CMakeFiles/cmTC_b8eed.dir/CheckSymbolExists.c.o
/usr/bin/cc -D_GNU_SOURCE  -Wall -DCMAKE_EXPORT_COMPILE_COMMANDS=1  -O2 -g  -Wall -Wextra -Wno-unused-parameter -Wstrict-aliasing -Wstrict-prototypes -fno-strict-aliasing -Wmissing-prototypes -Winit-self -Wmissing-field-initializers -Wdeclaration-after-statement -Waddress -Wnormalized=id -Woverride-init -Wlogical-op -Wwrite-strings  -o CMakeFiles/cmTC_b8eed.dir/CheckSymbolExists.c.o -c /home/zhengzhiwei/db_impl_course/build/CMakeFiles/CMakeScratch/TryCompile-oeAb4A/CheckSymbolExists.c
/home/zhengzhiwei/db_impl_course/build/CMakeFiles/CMakeScratch/TryCompile-oeAb4A/CheckSymbolExists.c: In function ‘main’:
/home/zhengzhiwei/db_impl_course/build/CMakeFiles/CMakeScratch/TryCompile-oeAb4A/CheckSymbolExists.c:45:19: error: ‘arc4random_addrandom’ undeclared (first use in this function)
   45 |   return ((int*)(&arc4random_addrandom))[argc];
      |                   ^~~~~~~~~~~~~~~~~~~~
/home/zhengzhiwei/db_impl_course/build/CMakeFiles/CMakeScratch/TryCompile-oeAb4A/CheckSymbolExists.c:45:19: note: each undeclared identifier is reported only once for each function it appears in
/home/zhengzhiwei/db_impl_course/build/CMakeFiles/CMakeScratch/TryCompile-oeAb4A/CheckSymbolExists.c:41:14: warning: parameter ‘argc’ set but not used [-Wunused-but-set-parameter]
   41 | int main(int argc, char** argv)
      |          ~~~~^~~~
gmake[1]: *** [CMakeFiles/cmTC_b8eed.dir/build.make:78: CMakeFiles/cmTC_b8eed.dir/CheckSymbolExists.c.o] Error 1
gmake[1]: Leaving directory '/home/zhengzhiwei/db_impl_course/build/CMakeFiles/CMakeScratch/TryCompile-oeAb4A'
gmake: *** [Makefile:127: cmTC_b8eed/fast] Error 2


File CheckSymbolExists.c:
/* */
#include <fcntl.h>
#include <inttypes.h>
#include <memory.h>
#include <signal.h>
#include <stdarg.h>
#include <stddef.h>
#include <stdint.h>
#include <stdlib.h>
#include <string.h>
#include <errno.h>
#include <unistd.h>
#include <time.h>
#include <sys/types.h>
#include <sys/stat.h>
#include <sys/time.h>
#include <sys/param.h>
#include <netdb.h>
#include <dlfcn.h>
#include <arpa/inet.h>
#include <poll.h>
#include <sys/socket.h>
#include <sys/random.h>
#include <sys/un.h>
#include <sys/epoll.h>
#include <sys/eventfd.h>
#include <sys/ioctl.h>
#include <sys/mman.h>
#include <sys/queue.h>
#include <sys/select.h>
#include <sys/sendfile.h>
#include <sys/uio.h>
#include <sys/wait.h>
#include <sys/resource.h>
#include <sys/timerfd.h>
#include <netinet/in.h>
#include <netinet/tcp.h>
#include <ifaddrs.h>
#include <stdio.h>

int main(int argc, char** argv)
{
  (void)argv;
#ifndef arc4random_addrandom
  return ((int*)(&arc4random_addrandom))[argc];
#else
  (void)argc;
  return 0;
#endif
}

Determining if the issetugid exist failed with the following output:
Change Dir: /home/zhengzhiwei/db_impl_course/build/CMakeFiles/CMakeScratch/TryCompile-pAlqU4

Run Build Command(s):/usr/bin/gmake -f Makefile cmTC_a6317/fast && /usr/bin/gmake  -f CMakeFiles/cmTC_a6317.dir/build.make CMakeFiles/cmTC_a6317.dir/build
gmake[1]: Entering directory '/home/zhengzhiwei/db_impl_course/build/CMakeFiles/CMakeScratch/TryCompile-pAlqU4'
Building C object CMakeFiles/cmTC_a6317.dir/CheckSymbolExists.c.o
/usr/bin/cc -D_GNU_SOURCE  -Wall -DCMAKE_EXPORT_COMPILE_COMMANDS=1  -O2 -g  -Wall -Wextra -Wno-unused-parameter -Wstrict-aliasing -Wstrict-prototypes -fno-strict-aliasing -Wmissing-prototypes -Winit-self -Wmissing-field-initializers -Wdeclaration-after-statement -Waddress -Wnormalized=id -Woverride-init -Wlogical-op -Wwrite-strings  -o CMakeFiles/cmTC_a6317.dir/CheckSymbolExists.c.o -c /home/zhengzhiwei/db_impl_course/build/CMakeFiles/CMakeScratch/TryCompile-pAlqU4/CheckSymbolExists.c
/home/zhengzhiwei/db_impl_course/build/CMakeFiles/CMakeScratch/TryCompile-pAlqU4/CheckSymbolExists.c: In function ‘main’:
/home/zhengzhiwei/db_impl_course/build/CMakeFiles/CMakeScratch/TryCompile-pAlqU4/CheckSymbolExists.c:45:19: error: ‘issetugid’ undeclared (first use in this function); did you mean ‘setegid’?
   45 |   return ((int*)(&issetugid))[argc];
      |                   ^~~~~~~~~
      |                   setegid
/home/zhengzhiwei/db_impl_course/build/CMakeFiles/CMakeScratch/TryCompile-pAlqU4/CheckSymbolExists.c:45:19: note: each undeclared identifier is reported only once for each function it appears in
/home/zhengzhiwei/db_impl_course/build/CMakeFiles/CMakeScratch/TryCompile-pAlqU4/CheckSymbolExists.c:41:14: warning: parameter ‘argc’ set but not used [-Wunused-but-set-parameter]
   41 | int main(int argc, char** argv)
      |          ~~~~^~~~
gmake[1]: *** [CMakeFiles/cmTC_a6317.dir/build.make:78: CMakeFiles/cmTC_a6317.dir/CheckSymbolExists.c.o] Error 1
gmake[1]: Leaving directory '/home/zhengzhiwei/db_impl_course/build/CMakeFiles/CMakeScratch/TryCompile-pAlqU4'
gmake: *** [Makefile:127: cmTC_a6317/fast] Error 2


File CheckSymbolExists.c:
/* */
#include <fcntl.h>
#include <inttypes.h>
#include <memory.h>
#include <signal.h>
#include <stdarg.h>
#include <stddef.h>
#include <stdint.h>
#include <stdlib.h>
#include <string.h>
#include <errno.h>
#include <unistd.h>
#include <time.h>
#include <sys/types.h>
#include <sys/stat.h>
#include <sys/time.h>
#include <sys/param.h>
#include <netdb.h>
#include <dlfcn.h>
#include <arpa/inet.h>
#include <poll.h>
#include <sys/socket.h>
#include <sys/random.h>
#include <sys/un.h>
#include <sys/epoll.h>
#include <sys/eventfd.h>
#include <sys/ioctl.h>
#include <sys/mman.h>
#include <sys/queue.h>
#include <sys/select.h>
#include <sys/sendfile.h>
#include <sys/uio.h>
#include <sys/wait.h>
#include <sys/resource.h>
#include <sys/timerfd.h>
#include <netinet/in.h>
#include <netinet/tcp.h>
#include <ifaddrs.h>
#include <stdio.h>

int main(int argc, char** argv)
{
  (void)argv;
#ifndef issetugid
  return ((int*)(&issetugid))[argc];
#else
  (void)argc;
  return 0;
#endif
}

Determining if the prototype gethostbyname_r exists for EVENT__HAVE_GETHOSTBYNAME_R_3_ARG failed with the following output:
Change Dir: /home/zhengzhiwei/db_impl_course/build/CMakeFiles/CMakeTmp

Run Build Command(s):/usr/bin/gmake -f Makefile cmTC_3605b/fast && /usr/bin/gmake  -f CMakeFiles/cmTC_3605b.dir/build.make CMakeFiles/cmTC_3605b.dir/build
gmake[1]: Entering directory '/home/zhengzhiwei/db_impl_course/build/CMakeFiles/CMakeTmp'
Building C object CMakeFiles/cmTC_3605b.dir/CheckPrototypeDefinition.c.o
/usr/bin/cc -D_GNU_SOURCE  -Wall -DCMAKE_EXPORT_COMPILE_COMMANDS=1  -O2 -g  -Wall -Wextra -Wno-unused-parameter -Wstrict-aliasing -Wstrict-prototypes -fno-strict-aliasing -Wmissing-prototypes -Winit-self -Wmissing-field-initializers -Wdeclaration-after-statement -Waddress -Wnormalized=id -Woverride-init -Wlogical-op -Wwrite-strings  -o CMakeFiles/cmTC_3605b.dir/CheckPrototypeDefinition.c.o -c /home/zhengzhiwei/db_impl_course/build/CMakeFiles/CMakeTmp/CheckPrototypeDefinition.c
/home/zhengzhiwei/db_impl_course/build/CMakeFiles/CMakeTmp/CheckPrototypeDefinition.c:14:66: warning: ‘struct hostent_data’ declared inside parameter list will not be visible outside of this definition or declaration
   14 | int gethostbyname_r(const char *name, struct hostent *hp, struct hostent_data *hdata) {
      |                                                                  ^~~~~~~~~~~~
/home/zhengzhiwei/db_impl_course/build/CMakeFiles/CMakeTmp/CheckPrototypeDefinition.c:14:5: error: conflicting types for ‘gethostbyname_r’; have ‘int(const char *, struct hostent *, struct hostent_data *)’
   14 | int gethostbyname_r(const char *name, struct hostent *hp, struct hostent_data *hdata) {
      |     ^~~~~~~~~~~~~~~
In file included from /home/zhengzhiwei/db_impl_course/build/CMakeFiles/CMakeTmp/CheckPrototypeDefinition.c:1:
/usr/include/netdb.h:177:12: note: previous declaration of ‘gethostbyname_r’ with type ‘int(const char * restrict,  struct hostent * restrict,  char * restrict,  size_t,  struct hostent ** restrict,  int * restrict)’ {aka ‘int(const char * restrict,  struct hostent * restrict,  char * restrict,  long unsigned int,  struct hostent ** restrict,  int * restrict)’}
  177 | extern int gethostbyname_r (const char *__restrict __name,
      |            ^~~~~~~~~~~~~~~
gmake[1]: *** [CMakeFiles/cmTC_3605b.dir/build.make:78: CMakeFiles/cmTC_3605b.dir/CheckPrototypeDefinition.c.o] Error 1
gmake[1]: Leaving directory '/home/zhengzhiwei/db_impl_course/build/CMakeFiles/CMakeTmp'
gmake: *** [Makefile:127: cmTC_3605b/fast] Error 2



#include <netdb.h>


static void cmakeRequireSymbol(int dummy, ...) {
  (void) dummy;
}

static void checkSymbol(void) {
#ifndef gethostbyname_r
  cmakeRequireSymbol(0, &gethostbyname_r);
#endif
}

int gethostbyname_r(const char *name, struct hostent *hp, struct hostent_data *hdata) {
  return 0;
}

#ifdef __CLASSIC_C__
int main() {
  int ac;
  char*av[];
#else
int main(int ac, char *av[]) {
#endif
  checkSymbol();
  if (ac > 1000) {
    return *av[0];
  }
  return 0;
}


Determining if the prototype gethostbyname_r exists for EVENT__HAVE_GETHOSTBYNAME_R_5_ARG failed with the following output:
Change Dir: /home/zhengzhiwei/db_impl_course/build/CMakeFiles/CMakeTmp

Run Build Command(s):/usr/bin/gmake -f Makefile cmTC_99c01/fast && /usr/bin/gmake  -f CMakeFiles/cmTC_99c01.dir/build.make CMakeFiles/cmTC_99c01.dir/build
gmake[1]: Entering directory '/home/zhengzhiwei/db_impl_course/build/CMakeFiles/CMakeTmp'
Building C object CMakeFiles/cmTC_99c01.dir/CheckPrototypeDefinition.c.o
/usr/bin/cc -D_GNU_SOURCE  -Wall -DCMAKE_EXPORT_COMPILE_COMMANDS=1  -O2 -g  -Wall -Wextra -Wno-unused-parameter -Wstrict-aliasing -Wstrict-prototypes -fno-strict-aliasing -Wmissing-prototypes -Winit-self -Wmissing-field-initializers -Wdeclaration-after-statement -Waddress -Wnormalized=id -Woverride-init -Wlogical-op -Wwrite-strings  -o CMakeFiles/cmTC_99c01.dir/CheckPrototypeDefinition.c.o -c /home/zhengzhiwei/db_impl_course/build/CMakeFiles/CMakeTmp/CheckPrototypeDefinition.c
/home/zhengzhiwei/db_impl_course/build/CMakeFiles/CMakeTmp/CheckPrototypeDefinition.c:14:17: error: conflicting types for ‘gethostbyname_r’; have ‘struct hostent *(const char *, struct hostent *, char *, size_t,  int *)’ {aka ‘struct hostent *(const char *, struct hostent *, char *, long unsigned int,  int *)’}
   14 | struct hostent *gethostbyname_r(const char *name, struct hostent *hp, char *buf, size_t buflen, int *herr) {
      |                 ^~~~~~~~~~~~~~~
In file included from /home/zhengzhiwei/db_impl_course/build/CMakeFiles/CMakeTmp/CheckPrototypeDefinition.c:1:
/usr/include/netdb.h:177:12: note: previous declaration of ‘gethostbyname_r’ with type ‘int(const char * restrict,  struct hostent * restrict,  char * restrict,  size_t,  struct hostent ** restrict,  int * restrict)’ {aka ‘int(const char * restrict,  struct hostent * restrict,  char * restrict,  long unsigned int,  struct hostent ** restrict,  int * restrict)’}
  177 | extern int gethostbyname_r (const char *__restrict __name,
      |            ^~~~~~~~~~~~~~~
/home/zhengzhiwei/db_impl_course/build/CMakeFiles/CMakeTmp/CheckPrototypeDefinition.c: In function ‘gethostbyname_r’:
/home/zhengzhiwei/db_impl_course/build/CMakeFiles/CMakeTmp/CheckPrototypeDefinition.c:15:10: error: ‘NULL’ undeclared (first use in this function)
   15 |   return NULL;
      |          ^~~~
/home/zhengzhiwei/db_impl_course/build/CMakeFiles/CMakeTmp/CheckPrototypeDefinition.c:2:1: note: ‘NULL’ is defined in header ‘<stddef.h>’; did you forget to ‘#include <stddef.h>’?
    1 | #include <netdb.h>
  +++ |+#include <stddef.h>
    2 | 
/home/zhengzhiwei/db_impl_course/build/CMakeFiles/CMakeTmp/CheckPrototypeDefinition.c:15:10: note: each undeclared identifier is reported only once for each function it appears in
   15 |   return NULL;
      |          ^~~~
/home/zhengzhiwei/db_impl_course/build/CMakeFiles/CMakeTmp/CheckPrototypeDefinition.c:16:1: warning: control reaches end of non-void function [-Wreturn-type]
   16 | }
      | ^
gmake[1]: *** [CMakeFiles/cmTC_99c01.dir/build.make:78: CMakeFiles/cmTC_99c01.dir/CheckPrototypeDefinition.c.o] Error 1
gmake[1]: Leaving directory '/home/zhengzhiwei/db_impl_course/build/CMakeFiles/CMakeTmp'
gmake: *** [Makefile:127: cmTC_99c01/fast] Error 2



#include <netdb.h>


static void cmakeRequireSymbol(int dummy, ...) {
  (void) dummy;
}

static void checkSymbol(void) {
#ifndef gethostbyname_r
  cmakeRequireSymbol(0, &gethostbyname_r);
#endif
}

struct hostent *gethostbyname_r(const char *name, struct hostent *hp, char *buf, size_t buflen, int *herr) {
  return NULL;
}

#ifdef __CLASSIC_C__
int main() {
  int ac;
  char*av[];
#else
int main(int ac, char *av[]) {
#endif
  checkSymbol();
  if (ac > 1000) {
    return *av[0];
  }
  return 0;
}


Performing C SOURCE FILE Test EVENT__HAVE_DECL_CTL_KERN failed with the following output:
Change Dir: /home/zhengzhiwei/db_impl_course/build/CMakeFiles/CMakeScratch/TryCompile-KHy29c

Run Build Command(s):/usr/bin/gmake -f Makefile cmTC_8a275/fast && /usr/bin/gmake  -f CMakeFiles/cmTC_8a275.dir/build.make CMakeFiles/cmTC_8a275.dir/build
gmake[1]: Entering directory '/home/zhengzhiwei/db_impl_course/build/CMakeFiles/CMakeScratch/TryCompile-KHy29c'
Building C object CMakeFiles/cmTC_8a275.dir/src.c.o
/usr/bin/cc -DEVENT__HAVE_DECL_CTL_KERN -D_GNU_SOURCE  -Wall -DCMAKE_EXPORT_COMPILE_COMMANDS=1  -O2 -g  -Wall -Wextra -Wno-unused-parameter -Wstrict-aliasing -Wstrict-prototypes -fno-strict-aliasing -Wmissing-prototypes -Winit-self -Wmissing-field-initializers -Wdeclaration-after-statement -Waddress -Wnormalized=id -Woverride-init -Wlogical-op -Wwrite-strings  -o CMakeFiles/cmTC_8a275.dir/src.c.o -c /home/zhengzhiwei/db_impl_course/build/CMakeFiles/CMakeScratch/TryCompile-KHy29c/src.c
/home/zhengzhiwei/db_impl_course/build/CMakeFiles/CMakeScratch/TryCompile-KHy29c/src.c:2:20: fatal error: sys/sysctl.h: No such file or directory
    2 |           #include <sys/sysctl.h>
      |                    ^~~~~~~~~~~~~~
compilation terminated.
gmake[1]: *** [CMakeFiles/cmTC_8a275.dir/build.make:78: CMakeFiles/cmTC_8a275.dir/src.c.o] Error 1
gmake[1]: Leaving directory '/home/zhengzhiwei/db_impl_course/build/CMakeFiles/CMakeScratch/TryCompile-KHy29c'
gmake: *** [Makefile:127: cmTC_8a275/fast] Error 2


Source file was:

          #include <sys/sysctl.h>
        int main() { (void)CTL_KERN; return 0; }

Performing C SOURCE FILE Test EVENT__HAVE_DECL_KERN_ARND failed with the following output:
Change Dir: /home/zhengzhiwei/db_impl_course/build/CMakeFiles/CMakeScratch/TryCompile-ThBObD

Run Build Command(s):/usr/bin/gmake -f Makefile cmTC_b1e6a/fast && /usr/bin/gmake  -f CMakeFiles/cmTC_b1e6a.dir/build.make CMakeFiles/cmTC_b1e6a.dir/build
gmake[1]: Entering directory '/home/zhengzhiwei/db_impl_course/build/CMakeFiles/CMakeScratch/TryCompile-ThBObD'
Building C object CMakeFiles/cmTC_b1e6a.dir/src.c.o
/usr/bin/cc -DEVENT__HAVE_DECL_KERN_ARND -D_GNU_SOURCE  -Wall -DCMAKE_EXPORT_COMPILE_COMMANDS=1  -O2 -g  -Wall -Wextra -Wno-unused-parameter -Wstrict-aliasing -Wstrict-prototypes -fno-strict-aliasing -Wmissing-prototypes -Winit-self -Wmissing-field-initializers -Wdeclaration-after-statement -Waddress -Wnormalized=id -Woverride-init -Wlogical-op -Wwrite-strings  -o CMakeFiles/cmTC_b1e6a.dir/src.c.o -c /home/zhengzhiwei/db_impl_course/build/CMakeFiles/CMakeScratch/TryCompile-ThBObD/src.c
/home/zhengzhiwei/db_impl_course/build/CMakeFiles/CMakeScratch/TryCompile-ThBObD/src.c:2:20: fatal error: sys/sysctl.h: No such file or directory
    2 |           #include <sys/sysctl.h>
      |                    ^~~~~~~~~~~~~~
compilation terminated.
gmake[1]: *** [CMakeFiles/cmTC_b1e6a.dir/build.make:78: CMakeFiles/cmTC_b1e6a.dir/src.c.o] Error 1
gmake[1]: Leaving directory '/home/zhengzhiwei/db_impl_course/build/CMakeFiles/CMakeScratch/TryCompile-ThBObD'
gmake: *** [Makefile:127: cmTC_b1e6a/fast] Error 2


Source file was:

          #include <sys/sysctl.h>
        int main() { (void)KERN_ARND; return 0; }

Determining size of SSIZE_T failed with the following output:
Change Dir: /home/zhengzhiwei/db_impl_course/build/CMakeFiles/CMakeScratch/TryCompile-CIx6qA

Run Build Command(s):/usr/bin/gmake -f Makefile cmTC_9ad4b/fast && /usr/bin/gmake  -f CMakeFiles/cmTC_9ad4b.dir/build.make CMakeFiles/cmTC_9ad4b.dir/build
gmake[1]: Entering directory '/home/zhengzhiwei/db_impl_course/build/CMakeFiles/CMakeScratch/TryCompile-CIx6qA'
Building C object CMakeFiles/cmTC_9ad4b.dir/EVENT__SIZEOF_SSIZE_T_UPPER.c.o
/usr/bin/cc -D_GNU_SOURCE  -Wall -DCMAKE_EXPORT_COMPILE_COMMANDS=1  -O2 -g  -Wall -Wextra -Wno-unused-parameter -Wstrict-aliasing -Wstrict-prototypes -fno-strict-aliasing -Wmissing-prototypes -Winit-self -Wmissing-field-initializers -Wdeclaration-after-statement -Waddress -Wnormalized=id -Woverride-init -Wlogical-op -Wwrite-strings  -o CMakeFiles/cmTC_9ad4b.dir/EVENT__SIZEOF_SSIZE_T_UPPER.c.o -c /home/zhengzhiwei/db_impl_course/build/CMakeFiles/CMakeScratch/TryCompile-CIx6qA/EVENT__SIZEOF_SSIZE_T_UPPER.c
/home/zhengzhiwei/db_impl_course/build/CMakeFiles/CMakeScratch/TryCompile-CIx6qA/EVENT__SIZEOF_SSIZE_T_UPPER.c:65:22: error: ‘SSIZE_T’ undeclared here (not in a function)
   65 | #define SIZE (sizeof(SSIZE_T))
      |                      ^~~~~~~
/home/zhengzhiwei/db_impl_course/build/CMakeFiles/CMakeScratch/TryCompile-CIx6qA/EVENT__SIZEOF_SSIZE_T_UPPER.c:67:12: note: in expansion of macro ‘SIZE’
   67 |   ('0' + ((SIZE / 10000)%10)),
      |            ^~~~
gmake[1]: *** [CMakeFiles/cmTC_9ad4b.dir/build.make:78: CMakeFiles/cmTC_9ad4b.dir/EVENT__SIZEOF_SSIZE_T_UPPER.c.o] Error 1
gmake[1]: Leaving directory '/home/zhengzhiwei/db_impl_course/build/CMakeFiles/CMakeScratch/TryCompile-CIx6qA'
gmake: *** [Makefile:127: cmTC_9ad4b/fast] Error 2


EVENT__SIZEOF_SSIZE_T_UPPER.c:
#include <sys/types.h>
#include <stdint.h>
#include <stddef.h>
#include "fcntl.h"
#include "inttypes.h"
#include "memory.h"
#include "signal.h"
#include "stdarg.h"
#include "stddef.h"
#include "stdint.h"
#include "stdlib.h"
#include "string.h"
#include "errno.h"
#include "unistd.h"
#include "time.h"
#include "sys/types.h"
#include "sys/stat.h"
#include "sys/time.h"
#include "sys/param.h"
#include "netdb.h"
#include "dlfcn.h"
#include "arpa/inet.h"
#include "poll.h"
#include "sys/socket.h"
#include "sys/random.h"
#include "sys/un.h"
#include "sys/epoll.h"
#include "sys/eventfd.h"
#include "sys/ioctl.h"
#include "sys/mman.h"
#include "sys/queue.h"
#include "sys/select.h"
#include "sys/sendfile.h"
#include "sys/uio.h"
#include "sys/wait.h"
#include "sys/resource.h"
#include "sys/timerfd.h"
#include "netinet/in.h"
#include "netinet/tcp.h"
#include "ifaddrs.h"
#include "stdio.h"


#undef KEY
#if defined(__i386)
# define KEY '_','_','i','3','8','6'
#elif defined(__x86_64)
# define KEY '_','_','x','8','6','_','6','4'
#elif defined(__PPC64__)
# define KEY '_','_','P','P','C','6','4','_','_'
#elif defined(__ppc64__)
# define KEY '_','_','p','p','c','6','4','_','_'
#elif defined(__PPC__)
# define KEY '_','_','P','P','C','_','_'
#elif defined(__ppc__)
# define KEY '_','_','p','p','c','_','_'
#elif defined(__aarch64__)
# define KEY '_','_','a','a','r','c','h','6','4','_','_'
#elif defined(__ARM_ARCH_7A__)
# define KEY '_','_','A','R','M','_','A','R','C','H','_','7','A','_','_'
#elif defined(__ARM_ARCH_7S__)
# define KEY '_','_','A','R','M','_','A','R','C','H','_','7','S','_','_'
#endif

#define SIZE (sizeof(SSIZE_T))
static char info_size[] =  {'I', 'N', 'F', 'O', ':', 's','i','z','e','[',
  ('0' + ((SIZE / 10000)%10)),
  ('0' + ((SIZE / 1000)%10)),
  ('0' + ((SIZE / 100)%10)),
  ('0' + ((SIZE / 10)%10)),
  ('0' +  (SIZE    % 10)),
  ']',
#ifdef KEY
  ' ','k','e','y','[', KEY, ']',
#endif
  '\0'};

#ifdef __CLASSIC_C__
int main(argc, argv) int argc; char *argv[];
#else
int main(int argc, char *argv[])
#endif
{
  int require = 0;
  require += info_size[argc];
  (void)argv;
  return require;
}


Performing C SOURCE FILE Test EVENT__HAVE_STRUCT_SOCKADDR_IN6_SIN6_LEN failed with the following output:
Change Dir: /home/zhengzhiwei/db_impl_course/build/CMakeFiles/CMakeScratch/TryCompile-YSpepa

Run Build Command(s):/usr/bin/gmake -f Makefile cmTC_b8ba6/fast && /usr/bin/gmake  -f CMakeFiles/cmTC_b8ba6.dir/build.make CMakeFiles/cmTC_b8ba6.dir/build
gmake[1]: Entering directory '/home/zhengzhiwei/db_impl_course/build/CMakeFiles/CMakeScratch/TryCompile-YSpepa'
Building C object CMakeFiles/cmTC_b8ba6.dir/src.c.o
/usr/bin/cc -DEVENT__HAVE_STRUCT_SOCKADDR_IN6_SIN6_LEN -D_GNU_SOURCE  -Wall -DCMAKE_EXPORT_COMPILE_COMMANDS=1  -O2 -g  -Wall -Wextra -Wno-unused-parameter -Wstrict-aliasing -Wstrict-prototypes -fno-strict-aliasing -Wmissing-prototypes -Winit-self -Wmissing-field-initializers -Wdeclaration-after-statement -Waddress -Wnormalized=id -Woverride-init -Wlogical-op -Wwrite-strings  -o CMakeFiles/cmTC_b8ba6.dir/src.c.o -c /home/zhengzhiwei/db_impl_course/build/CMakeFiles/CMakeScratch/TryCompile-YSpepa/src.c
/home/zhengzhiwei/db_impl_course/build/CMakeFiles/CMakeScratch/TryCompile-YSpepa/src.c:6:5: warning: function declaration isn’t a prototype [-Wstrict-prototypes]
    6 | int main()
      |     ^~~~
/home/zhengzhiwei/db_impl_course/build/CMakeFiles/CMakeScratch/TryCompile-YSpepa/src.c: In function ‘main’:
/home/zhengzhiwei/db_impl_course/build/CMakeFiles/CMakeScratch/TryCompile-YSpepa/src.c:8:42: error: ‘struct sockaddr_in6’ has no member named ‘sin6_len’
    8 |   (void)sizeof(((struct sockaddr_in6 *)0)->sin6_len);
      |                                          ^~
gmake[1]: *** [CMakeFiles/cmTC_b8ba6.dir/build.make:78: CMakeFiles/cmTC_b8ba6.dir/src.c.o] Error 1
gmake[1]: Leaving directory '/home/zhengzhiwei/db_impl_course/build/CMakeFiles/CMakeScratch/TryCompile-YSpepa'
gmake: *** [Makefile:127: cmTC_b8ba6/fast] Error 2


Source file was:

#include <netinet/in.h>
#include <sys/socket.h>
#include <netdb.h>

int main()
{
  (void)sizeof(((struct sockaddr_in6 *)0)->sin6_len);
  return 0;
}


Performing C SOURCE FILE Test EVENT__HAVE_STRUCT_SOCKADDR_IN_SIN_LEN failed with the following output:
Change Dir: /home/zhengzhiwei/db_impl_course/build/CMakeFiles/CMakeScratch/TryCompile-uOyiNJ

Run Build Command(s):/usr/bin/gmake -f Makefile cmTC_a8683/fast && /usr/bin/gmake  -f CMakeFiles/cmTC_a8683.dir/build.make CMakeFiles/cmTC_a8683.dir/build
gmake[1]: Entering directory '/home/zhengzhiwei/db_impl_course/build/CMakeFiles/CMakeScratch/TryCompile-uOyiNJ'
Building C object CMakeFiles/cmTC_a8683.dir/src.c.o
/usr/bin/cc -DEVENT__HAVE_STRUCT_SOCKADDR_IN_SIN_LEN -D_GNU_SOURCE  -Wall -DCMAKE_EXPORT_COMPILE_COMMANDS=1  -O2 -g  -Wall -Wextra -Wno-unused-parameter -Wstrict-aliasing -Wstrict-prototypes -fno-strict-aliasing -Wmissing-prototypes -Winit-self -Wmissing-field-initializers -Wdeclaration-after-statement -Waddress -Wnormalized=id -Woverride-init -Wlogical-op -Wwrite-strings  -o CMakeFiles/cmTC_a8683.dir/src.c.o -c /home/zhengzhiwei/db_impl_course/build/CMakeFiles/CMakeScratch/TryCompile-uOyiNJ/src.c
/home/zhengzhiwei/db_impl_course/build/CMakeFiles/CMakeScratch/TryCompile-uOyiNJ/src.c:6:5: warning: function declaration isn’t a prototype [-Wstrict-prototypes]
    6 | int main()
      |     ^~~~
/home/zhengzhiwei/db_impl_course/build/CMakeFiles/CMakeScratch/TryCompile-uOyiNJ/src.c: In function ‘main’:
/home/zhengzhiwei/db_impl_course/build/CMakeFiles/CMakeScratch/TryCompile-uOyiNJ/src.c:8:42: error: ‘struct sockaddr_in6’ has no member named ‘sin_len’
    8 |   (void)sizeof(((struct sockaddr_in6 *)0)->sin_len);
      |                                          ^~
gmake[1]: *** [CMakeFiles/cmTC_a8683.dir/build.make:78: CMakeFiles/cmTC_a8683.dir/src.c.o] Error 1
gmake[1]: Leaving directory '/home/zhengzhiwei/db_impl_course/build/CMakeFiles/CMakeScratch/TryCompile-uOyiNJ'
gmake: *** [Makefile:127: cmTC_a8683/fast] Error 2


Source file was:

#include <netinet/in.h>
#include <sys/socket.h>
#include <netdb.h>

int main()
{
  (void)sizeof(((struct sockaddr_in6 *)0)->sin_len);
  return 0;
}


Performing C SOURCE FILE Test EVENT__HAVE_STRUCT_SOCKADDR_STORAGE___SS_FAMILY failed with the following output:
Change Dir: /home/zhengzhiwei/db_impl_course/build/CMakeFiles/CMakeScratch/TryCompile-YYdcdr

Run Build Command(s):/usr/bin/gmake -f Makefile cmTC_00de7/fast && /usr/bin/gmake  -f CMakeFiles/cmTC_00de7.dir/build.make CMakeFiles/cmTC_00de7.dir/build
gmake[1]: Entering directory '/home/zhengzhiwei/db_impl_course/build/CMakeFiles/CMakeScratch/TryCompile-YYdcdr'
Building C object CMakeFiles/cmTC_00de7.dir/src.c.o
/usr/bin/cc -DEVENT__HAVE_STRUCT_SOCKADDR_STORAGE___SS_FAMILY -D_GNU_SOURCE  -Wall -DCMAKE_EXPORT_COMPILE_COMMANDS=1  -O2 -g  -Wall -Wextra -Wno-unused-parameter -Wstrict-aliasing -Wstrict-prototypes -fno-strict-aliasing -Wmissing-prototypes -Winit-self -Wmissing-field-initializers -Wdeclaration-after-statement -Waddress -Wnormalized=id -Woverride-init -Wlogical-op -Wwrite-strings  -o CMakeFiles/cmTC_00de7.dir/src.c.o -c /home/zhengzhiwei/db_impl_course/build/CMakeFiles/CMakeScratch/TryCompile-YYdcdr/src.c
/home/zhengzhiwei/db_impl_course/build/CMakeFiles/CMakeScratch/TryCompile-YYdcdr/src.c:6:5: warning: function declaration isn’t a prototype [-Wstrict-prototypes]
    6 | int main()
      |     ^~~~
/home/zhengzhiwei/db_impl_course/build/CMakeFiles/CMakeScratch/TryCompile-YYdcdr/src.c: In function ‘main’:
/home/zhengzhiwei/db_impl_course/build/CMakeFiles/CMakeScratch/TryCompile-YYdcdr/src.c:8:48: error: ‘struct sockaddr_storage’ has no member named ‘__ss_family’; did you mean ‘ss_family’?
    8 |   (void)sizeof(((struct sockaddr_storage *)0)->__ss_family);
      |                                                ^~~~~~~~~~~
      |                                                ss_family
gmake[1]: *** [CMakeFiles/cmTC_00de7.dir/build.make:78: CMakeFiles/cmTC_00de7.dir/src.c.o] Error 1
gmake[1]: Leaving directory '/home/zhengzhiwei/db_impl_course/build/CMakeFiles/CMakeScratch/TryCompile-YYdcdr'
gmake: *** [Makefile:127: cmTC_00de7/fast] Error 2


Source file was:

#include <netinet/in.h>
#include <sys/socket.h>
#include <netdb.h>

int main()
{
  (void)sizeof(((struct sockaddr_storage *)0)->__ss_family);
  return 0;
}


